[0.000000] (-) TimerEvent: {}
[0.000717] (deplex_ros) JobQueued: {'identifier': 'deplex_ros', 'dependencies': OrderedDict()}
[0.000742] (deplex_ros) JobStarted: {'identifier': 'deplex_ros'}
[0.007386] (deplex_ros) JobProgress: {'identifier': 'deplex_ros', 'progress': 'cmake'}
[0.007486] (deplex_ros) Command: {'cmd': ['/usr/local/bin/cmake', '/home/achains/CLionProjects/deplex', '-DBUILD_TESTS=OFF', '-DBUILD_EXAMPLES=OFF', '-DBUILD_ROS=ON', '-DCMAKE_INSTALL_PREFIX=/home/achains/CLionProjects/deplex/install/deplex_ros'], 'cwd': '/home/achains/CLionProjects/deplex/build/deplex_ros', 'env': OrderedDict([('TERM_SESSION_ID', '0ef3c247-722a-4472-8d06-f8765ea4e5a6'), ('GJS_DEBUG_TOPICS', 'JS ERROR;JS LOG'), ('LESSOPEN', '| /usr/bin/lesspipe %s'), ('LANGUAGE', 'en_GB:en'), ('SNAP_INSTANCE_KEY', ''), ('USER', 'achains'), ('SNAP_COMMON', '/var/snap/clion/common'), ('LC_TIME', 'en_GB.UTF-8'), ('XDG_SESSION_TYPE', 'x11'), ('SHLVL', '1'), ('LD_LIBRARY_PATH', '/opt/ros/humble/opt/rviz_ogre_vendor/lib:/opt/ros/humble/lib/x86_64-linux-gnu:/opt/ros/humble/lib'), ('HOME', '/home/achains'), ('SNAP_LIBRARY_PATH', '/var/lib/snapd/lib/gl:/var/lib/snapd/lib/gl32:/var/lib/snapd/void'), ('CAML_LD_LIBRARY_PATH', '/home/achains/.opam/4.12.0+options/lib/stublibs:/home/achains/.opam/4.12.0+options/lib/ocaml/stublibs:/home/achains/.opam/4.12.0+options/lib/ocaml'), ('DESKTOP_SESSION', 'ubuntu-xorg'), ('SNAP_USER_DATA', '/home/achains/snap/clion/235'), ('OCAML_TOPLEVEL_PATH', '/home/achains/.opam/4.12.0+options/lib/toplevel'), ('TERMINAL_EMULATOR', 'JetBrains-JediTerm'), ('GIO_LAUNCHED_DESKTOP_FILE', '/var/lib/snapd/desktop/applications/clion_clion.desktop'), ('ROS_PYTHON_VERSION', '3'), ('GNOME_SHELL_SESSION_MODE', 'ubuntu'), ('GTK_MODULES', 'gail:atk-bridge'), ('LC_MONETARY', 'en_GB.UTF-8'), ('MANAGERPID', '3219'), ('SYSTEMD_EXEC_PID', '3562'), ('DBUS_SESSION_BUS_ADDRESS', 'unix:path=/run/user/1000/bus'), ('SNAP_REVISION', '235'), ('GIO_LAUNCHED_DESKTOP_FILE_PID', '13056'), ('IM_CONFIG_PHASE', '1'), ('ROS_DISTRO', 'humble'), ('LOGNAME', 'achains'), ('SNAP_CONTEXT', 'X699u5GLGXRY1HyHA9m2KWPvHE2D8s2dDzA4CL3zfrtTq5nQHnsu'), ('JOURNAL_STREAM', '8:39330'), ('_', '/usr/bin/colcon'), ('ROS_VERSION', '2'), ('PKG_CONFIG_PATH', '/home/achains/.opam/4.12.0+options/lib/pkgconfig:'), ('XDG_SESSION_CLASS', 'user'), ('SNAP_VERSION', '2023.1.2'), ('USERNAME', 'achains'), ('TERM', 'xterm-256color'), ('GNOME_DESKTOP_SESSION_ID', 'this-is-deprecated'), ('SNAP_INSTANCE_NAME', 'clion'), ('ROS_LOCALHOST_ONLY', '0'), ('WINDOWPATH', '2'), ('PATH', '/opt/ros/humble/bin:/home/achains/.opam/4.12.0+options/bin:/home/achains/.local/bin:/usr/local/sbin:/usr/local/bin:/usr/sbin:/usr/bin:/sbin:/bin:/usr/games:/usr/local/games:/snap/bin:/snap/bin'), ('SESSION_MANAGER', 'local/achains-NBD-WXX9:@/tmp/.ICE-unix/3542,unix/achains-NBD-WXX9:/tmp/.ICE-unix/3542'), ('INVOCATION_ID', 'd89cc9f27a5b42b6a8ee698a51efb2a1'), ('PAPERSIZE', 'a4'), ('XDG_MENU_PREFIX', 'gnome-'), ('LC_ADDRESS', 'en_GB.UTF-8'), ('BAMF_DESKTOP_FILE_HINT', '/var/lib/snapd/desktop/applications/clion_clion.desktop'), ('SNAP_DATA', '/var/snap/clion/235'), ('XDG_RUNTIME_DIR', '/run/user/1000'), ('DISPLAY', ':0'), ('DESKTOP_STARTUP_ID', 'gnome-shell/CLion/3562-2-achains-NBD-WXX9_TIME6665508'), ('LANG', 'en_GB.UTF-8'), ('XDG_CURRENT_DESKTOP', 'ubuntu:GNOME'), ('LC_TELEPHONE', 'en_GB.UTF-8'), ('XMODIFIERS', '@im=ibus'), ('XDG_SESSION_DESKTOP', 'ubuntu-xorg'), ('XAUTHORITY', '/run/user/1000/gdm/Xauthority'), ('LS_COLORS', 'rs=0:di=01;34:ln=01;36:mh=00:pi=40;33:so=01;35:do=01;35:bd=40;33;01:cd=40;33;01:or=40;31;01:mi=00:su=37;41:sg=30;43:ca=30;41:tw=30;42:ow=34;42:st=37;44:ex=01;32:*.tar=01;31:*.tgz=01;31:*.arc=01;31:*.arj=01;31:*.taz=01;31:*.lha=01;31:*.lz4=01;31:*.lzh=01;31:*.lzma=01;31:*.tlz=01;31:*.txz=01;31:*.tzo=01;31:*.t7z=01;31:*.zip=01;31:*.z=01;31:*.dz=01;31:*.gz=01;31:*.lrz=01;31:*.lz=01;31:*.lzo=01;31:*.xz=01;31:*.zst=01;31:*.tzst=01;31:*.bz2=01;31:*.bz=01;31:*.tbz=01;31:*.tbz2=01;31:*.tz=01;31:*.deb=01;31:*.rpm=01;31:*.jar=01;31:*.war=01;31:*.ear=01;31:*.sar=01;31:*.rar=01;31:*.alz=01;31:*.ace=01;31:*.zoo=01;31:*.cpio=01;31:*.7z=01;31:*.rz=01;31:*.cab=01;31:*.wim=01;31:*.swm=01;31:*.dwm=01;31:*.esd=01;31:*.jpg=01;35:*.jpeg=01;35:*.mjpg=01;35:*.mjpeg=01;35:*.gif=01;35:*.bmp=01;35:*.pbm=01;35:*.pgm=01;35:*.ppm=01;35:*.tga=01;35:*.xbm=01;35:*.xpm=01;35:*.tif=01;35:*.tiff=01;35:*.png=01;35:*.svg=01;35:*.svgz=01;35:*.mng=01;35:*.pcx=01;35:*.mov=01;35:*.mpg=01;35:*.mpeg=01;35:*.m2v=01;35:*.mkv=01;35:*.webm=01;35:*.webp=01;35:*.ogm=01;35:*.mp4=01;35:*.m4v=01;35:*.mp4v=01;35:*.vob=01;35:*.qt=01;35:*.nuv=01;35:*.wmv=01;35:*.asf=01;35:*.rm=01;35:*.rmvb=01;35:*.flc=01;35:*.avi=01;35:*.fli=01;35:*.flv=01;35:*.gl=01;35:*.dl=01;35:*.xcf=01;35:*.xwd=01;35:*.yuv=01;35:*.cgm=01;35:*.emf=01;35:*.ogv=01;35:*.ogx=01;35:*.aac=00;36:*.au=00;36:*.flac=00;36:*.m4a=00;36:*.mid=00;36:*.midi=00;36:*.mka=00;36:*.mp3=00;36:*.mpc=00;36:*.ogg=00;36:*.ra=00;36:*.wav=00;36:*.oga=00;36:*.opus=00;36:*.spx=00;36:*.xspf=00;36:'), ('SSH_AGENT_LAUNCHER', 'gnome-keyring'), ('SNAP_USER_COMMON', '/home/achains/snap/clion/common'), ('SSH_AUTH_SOCK', '/run/user/1000/keyring/ssh'), ('SNAP_ARCH', 'amd64'), ('AMENT_PREFIX_PATH', '/opt/ros/humble'), ('SNAP_COOKIE', 'X699u5GLGXRY1HyHA9m2KWPvHE2D8s2dDzA4CL3zfrtTq5nQHnsu'), ('SHELL', '/bin/bash'), ('LC_NAME', 'en_GB.UTF-8'), ('QT_ACCESSIBILITY', '1'), ('SNAP_REEXEC', ''), ('GDMSESSION', 'ubuntu-xorg'), ('LESSCLOSE', '/usr/bin/lesspipe %s %s'), ('SNAP_NAME', 'clion'), ('LC_MEASUREMENT', 'en_GB.UTF-8'), ('GPG_AGENT_INFO', '/run/user/1000/gnupg/S.gpg-agent:0:1'), ('OPAM_SWITCH_PREFIX', '/home/achains/.opam/4.12.0+options'), ('GJS_DEBUG_OUTPUT', 'stderr'), ('LC_IDENTIFICATION', 'en_GB.UTF-8'), ('QT_IM_MODULE', 'ibus'), ('PWD', '/home/achains/CLionProjects/deplex/build/deplex_ros'), ('LC_ALL', 'en_GB.UTF-8'), ('XDG_CONFIG_DIRS', '/etc/xdg/xdg-ubuntu-xorg:/etc/xdg'), ('SNAP_REAL_HOME', '/home/achains'), ('FIG_JETBRAINS_SHELL_INTEGRATION', '1'), ('XDG_DATA_DIRS', '/usr/share/ubuntu-xorg:/usr/share/gnome:/usr/local/share/:/usr/share/:/var/lib/snapd/desktop'), ('PYTHONPATH', '/opt/ros/humble/lib/python3.10/site-packages:/opt/ros/humble/local/lib/python3.10/dist-packages'), ('SNAP', '/snap/clion/235'), ('LC_NUMERIC', 'en_GB.UTF-8'), ('LC_PAPER', 'en_GB.UTF-8'), ('COLCON', '1'), ('MANPATH', ':/home/achains/.opam/4.12.0+options/man'), ('CMAKE_PREFIX_PATH', '/opt/ros/humble')]), 'shell': False}
[0.099965] (-) TimerEvent: {}
[0.200333] (-) TimerEvent: {}
[0.261377] (deplex_ros) StdoutLine: {'line': b'-- The CXX compiler identification is GNU 11.3.0\n'}
[0.292028] (deplex_ros) StdoutLine: {'line': b'-- The C compiler identification is GNU 11.3.0\n'}
[0.296958] (deplex_ros) StdoutLine: {'line': b'-- Detecting CXX compiler ABI info\n'}
[0.300407] (-) TimerEvent: {}
[0.346538] (deplex_ros) StdoutLine: {'line': b'-- Detecting CXX compiler ABI info - done\n'}
[0.351983] (deplex_ros) StdoutLine: {'line': b'-- Check for working CXX compiler: /usr/bin/c++ - skipped\n'}
[0.352151] (deplex_ros) StdoutLine: {'line': b'-- Detecting CXX compile features\n'}
[0.352553] (deplex_ros) StdoutLine: {'line': b'-- Detecting CXX compile features - done\n'}
[0.354385] (deplex_ros) StdoutLine: {'line': b'-- Detecting C compiler ABI info\n'}
[0.386904] (deplex_ros) StdoutLine: {'line': b'-- Detecting C compiler ABI info - done\n'}
[0.392209] (deplex_ros) StdoutLine: {'line': b'-- Check for working C compiler: /usr/bin/cc - skipped\n'}
[0.392387] (deplex_ros) StdoutLine: {'line': b'-- Detecting C compile features\n'}
[0.392620] (deplex_ros) StdoutLine: {'line': b'-- Detecting C compile features - done\n'}
[0.392963] (deplex_ros) StdoutLine: {'line': b'-- No CMAKE_BUILD_TYPE specified, default to Release.\n'}
[0.400481] (-) TimerEvent: {}
[0.401027] (deplex_ros) StdoutLine: {'line': b'-- Found ament_cmake: 1.3.3 (/opt/ros/humble/share/ament_cmake/cmake)\n'}
[0.492095] (deplex_ros) StdoutLine: {'line': b'-- Found Python3: /usr/local/bin/python3.6 (found version "3.6.10") found components: Interpreter \n'}
[0.500577] (-) TimerEvent: {}
[0.512822] (deplex_ros) StderrLine: {'line': b'Traceback (most recent call last):\n'}
[0.512973] (deplex_ros) StderrLine: {'line': b'  File "/opt/ros/humble/lib/python3.10/site-packages/ament_package/templates.py", line 19, in <module>\n'}
[0.513022] (deplex_ros) StderrLine: {'line': b'    import importlib.resources as importlib_resources\n'}
[0.513059] (deplex_ros) StderrLine: {'line': b"ModuleNotFoundError: No module named 'importlib.resources'\n"}
[0.513094] (deplex_ros) StderrLine: {'line': b'\n'}
[0.513130] (deplex_ros) StderrLine: {'line': b'During handling of the above exception, another exception occurred:\n'}
[0.513166] (deplex_ros) StderrLine: {'line': b'\n'}
[0.513200] (deplex_ros) StderrLine: {'line': b'Traceback (most recent call last):\n'}
[0.513235] (deplex_ros) StderrLine: {'line': b'  File "/opt/ros/humble/share/ament_cmake_core/cmake/package_templates/templates_2_cmake.py", line 21, in <module>\n'}
[0.513270] (deplex_ros) StderrLine: {'line': b'    from ament_package.templates import get_environment_hook_template_path\n'}
[0.513305] (deplex_ros) StderrLine: {'line': b'  File "/opt/ros/humble/lib/python3.10/site-packages/ament_package/templates.py", line 21, in <module>\n'}
[0.513339] (deplex_ros) StderrLine: {'line': b'    import importlib_resources\n'}
[0.513374] (deplex_ros) StderrLine: {'line': b"ModuleNotFoundError: No module named 'importlib_resources'\n"}
[0.514837] (deplex_ros) StderrLine: {'line': b'CMake Error at /opt/ros/humble/share/ament_cmake_core/cmake/ament_cmake_package_templates-extras.cmake:41 (message):\n'}
[0.514959] (deplex_ros) StderrLine: {'line': b'  execute_process(/usr/local/bin/python3.6\n'}
[0.515022] (deplex_ros) StderrLine: {'line': b'  /opt/ros/humble/share/ament_cmake_core/cmake/package_templates/templates_2_cmake.py\n'}
[0.515079] (deplex_ros) StderrLine: {'line': b'  /home/achains/CLionProjects/deplex/build/deplex_ros/ros2/ament_cmake_package_templates/templates.cmake)\n'}
[0.515156] (deplex_ros) StderrLine: {'line': b'  returned error code 1\n'}
[0.515216] (deplex_ros) StderrLine: {'line': b'Call Stack (most recent call first):\n'}
[0.515310] (deplex_ros) StderrLine: {'line': b'  /opt/ros/humble/share/ament_cmake_core/cmake/ament_cmake_coreConfig.cmake:41 (include)\n'}
[0.515373] (deplex_ros) StderrLine: {'line': b'  /opt/ros/humble/share/ament_cmake/cmake/ament_cmake_export_dependencies-extras.cmake:15 (find_package)\n'}
[0.515437] (deplex_ros) StderrLine: {'line': b'  /opt/ros/humble/share/ament_cmake/cmake/ament_cmakeConfig.cmake:41 (include)\n'}
[0.515500] (deplex_ros) StderrLine: {'line': b'  ros2/CMakeLists.txt:1 (find_package)\n'}
[0.515558] (deplex_ros) StderrLine: {'line': b'\n'}
[0.515615] (deplex_ros) StderrLine: {'line': b'\n'}
[0.515676] (deplex_ros) StdoutLine: {'line': b'-- Configuring incomplete, errors occurred!\n'}
[0.515742] (deplex_ros) StdoutLine: {'line': b'See also "/home/achains/CLionProjects/deplex/build/deplex_ros/CMakeFiles/CMakeOutput.log".\n'}
[0.518249] (deplex_ros) CommandEnded: {'returncode': 1}
[0.530100] (deplex_ros) JobEnded: {'identifier': 'deplex_ros', 'rc': 1}
[0.540590] (-) EventReactorShutdown: {}
