-- The CXX compiler identification is GNU 11.3.0
-- The C compiler identification is GNU 11.3.0
-- Detecting CXX compiler ABI info
-- Detecting CXX compiler ABI info - done
-- Check for working CXX compiler: /usr/bin/c++ - skipped
-- Detecting CXX compile features
-- Detecting CXX compile features - done
-- Detecting C compiler ABI info
-- Detecting C compiler ABI info - done
-- Check for working C compiler: /usr/bin/cc - skipped
-- Detecting C compile features
-- Detecting C compile features - done
-- No CMAKE_BUILD_TYPE specified, default to Release.
-- Found ament_cmake: 1.3.3 (/opt/ros/humble/share/ament_cmake/cmake)
-- Found Python3: /usr/local/bin/python3.6 (found version "3.6.10") found components: Interpreter 
Traceback (most recent call last):
  File "/opt/ros/humble/lib/python3.10/site-packages/ament_package/templates.py", line 19, in <module>
    import importlib.resources as importlib_resources
ModuleNotFoundError: No module named 'importlib.resources'

During handling of the above exception, another exception occurred:

Traceback (most recent call last):
  File "/opt/ros/humble/share/ament_cmake_core/cmake/package_templates/templates_2_cmake.py", line 21, in <module>
    from ament_package.templates import get_environment_hook_template_path
  File "/opt/ros/humble/lib/python3.10/site-packages/ament_package/templates.py", line 21, in <module>
    import importlib_resources
ModuleNotFoundError: No module named 'importlib_resources'
CMake Error at /opt/ros/humble/share/ament_cmake_core/cmake/ament_cmake_package_templates-extras.cmake:41 (message):
  execute_process(/usr/local/bin/python3.6
  /opt/ros/humble/share/ament_cmake_core/cmake/package_templates/templates_2_cmake.py
  /home/achains/CLionProjects/deplex/build/deplex_ros/ros2/ament_cmake_package_templates/templates.cmake)
  returned error code 1
Call Stack (most recent call first):
  /opt/ros/humble/share/ament_cmake_core/cmake/ament_cmake_coreConfig.cmake:41 (include)
  /opt/ros/humble/share/ament_cmake/cmake/ament_cmake_export_dependencies-extras.cmake:15 (find_package)
  /opt/ros/humble/share/ament_cmake/cmake/ament_cmakeConfig.cmake:41 (include)
  ros2/CMakeLists.txt:1 (find_package)


-- Configuring incomplete, errors occurred!
See also "/home/achains/CLionProjects/deplex/build/deplex_ros/CMakeFiles/CMakeOutput.log".
