[0.007s] Invoking command in '/home/achains/CLionProjects/deplex/build/deplex_ros': CMAKE_PREFIX_PATH=/opt/ros/humble /usr/local/bin/cmake /home/achains/CLionProjects/deplex -DBUILD_TESTS=OFF -DBUILD_EXAMPLES=OFF -DBUILD_ROS=ON -DCMAKE_INSTALL_PREFIX=/home/achains/CLionProjects/deplex/install/deplex_ros
[0.261s] -- The CXX compiler identification is GNU 11.3.0
[0.291s] -- The C compiler identification is GNU 11.3.0
[0.296s] -- Detecting CXX compiler ABI info
[0.346s] -- Detecting CXX compiler ABI info - done
[0.351s] -- Check for working CXX compiler: /usr/bin/c++ - skipped
[0.351s] -- Detecting CXX compile features
[0.352s] -- Detecting CXX compile features - done
[0.354s] -- Detecting C compiler ABI info
[0.386s] -- Detecting C compiler ABI info - done
[0.392s] -- Check for working C compiler: /usr/bin/cc - skipped
[0.392s] -- Detecting C compile features
[0.392s] -- Detecting C compile features - done
[0.392s] -- No CMAKE_BUILD_TYPE specified, default to Release.
[0.400s] -- Found ament_cmake: 1.3.3 (/opt/ros/humble/share/ament_cmake/cmake)
[0.491s] -- Found Python3: /usr/local/bin/python3.6 (found version "3.6.10") found components: Interpreter 
[0.512s] Traceback (most recent call last):
[0.512s]   File "/opt/ros/humble/lib/python3.10/site-packages/ament_package/templates.py", line 19, in <module>
[0.512s]     import importlib.resources as importlib_resources
[0.512s] ModuleNotFoundError: No module named 'importlib.resources'
[0.512s] 
[0.512s] During handling of the above exception, another exception occurred:
[0.512s] 
[0.512s] Traceback (most recent call last):
[0.513s]   File "/opt/ros/humble/share/ament_cmake_core/cmake/package_templates/templates_2_cmake.py", line 21, in <module>
[0.513s]     from ament_package.templates import get_environment_hook_template_path
[0.513s]   File "/opt/ros/humble/lib/python3.10/site-packages/ament_package/templates.py", line 21, in <module>
[0.513s]     import importlib_resources
[0.513s] ModuleNotFoundError: No module named 'importlib_resources'
[0.514s] CMake Error at /opt/ros/humble/share/ament_cmake_core/cmake/ament_cmake_package_templates-extras.cmake:41 (message):
[0.514s]   execute_process(/usr/local/bin/python3.6
[0.514s]   /opt/ros/humble/share/ament_cmake_core/cmake/package_templates/templates_2_cmake.py
[0.514s]   /home/achains/CLionProjects/deplex/build/deplex_ros/ros2/ament_cmake_package_templates/templates.cmake)
[0.514s]   returned error code 1
[0.515s] Call Stack (most recent call first):
[0.515s]   /opt/ros/humble/share/ament_cmake_core/cmake/ament_cmake_coreConfig.cmake:41 (include)
[0.515s]   /opt/ros/humble/share/ament_cmake/cmake/ament_cmake_export_dependencies-extras.cmake:15 (find_package)
[0.515s]   /opt/ros/humble/share/ament_cmake/cmake/ament_cmakeConfig.cmake:41 (include)
[0.515s]   ros2/CMakeLists.txt:1 (find_package)
[0.515s] 
[0.515s] 
[0.515s] -- Configuring incomplete, errors occurred!
[0.515s] See also "/home/achains/CLionProjects/deplex/build/deplex_ros/CMakeFiles/CMakeOutput.log".
[0.518s] Invoked command in '/home/achains/CLionProjects/deplex/build/deplex_ros' returned '1': CMAKE_PREFIX_PATH=/opt/ros/humble /usr/local/bin/cmake /home/achains/CLionProjects/deplex -DBUILD_TESTS=OFF -DBUILD_EXAMPLES=OFF -DBUILD_ROS=ON -DCMAKE_INSTALL_PREFIX=/home/achains/CLionProjects/deplex/install/deplex_ros
